<?xml version="1.0" encoding="UTF-8"?>
<coverage generated="1627137256921" clover="3.2.0">
  <project timestamp="1627137256921" name="All files">
    <metrics statements="64" coveredstatements="45" conditionals="12" coveredconditionals="6" methods="34" coveredmethods="17" elements="110" coveredelements="68" complexity="0" loc="64" ncloc="64" packages="2" files="10" classes="10"/>
    <package name="store">
      <metrics statements="46" coveredstatements="27" conditionals="2" coveredconditionals="0" methods="24" coveredmethods="7"/>
      <file name="api.js" path="C:\SongLin\Learnings\React\Code with Mosh\redux-mywork\src\store\api.js">
        <metrics statements="3" coveredstatements="3" conditionals="0" coveredconditionals="0" methods="0" coveredmethods="0"/>
        <line num="3" count="1" type="stmt"/>
        <line num="4" count="1" type="stmt"/>
        <line num="5" count="1" type="stmt"/>
      </file>
      <file name="bugs.js" path="C:\SongLin\Learnings\React\Code with Mosh\redux-mywork\src\store\bugs.js">
        <metrics statements="32" coveredstatements="15" conditionals="2" coveredconditionals="0" methods="21" coveredmethods="6"/>
        <line num="6" count="1" type="stmt"/>
        <line num="16" count="0" type="stmt"/>
        <line num="20" count="1" type="stmt"/>
        <line num="24" count="0" type="stmt"/>
        <line num="25" count="0" type="stmt"/>
        <line num="26" count="0" type="stmt"/>
        <line num="30" count="1" type="stmt"/>
        <line num="35" count="0" type="stmt"/>
        <line num="36" count="0" type="stmt"/>
        <line num="40" count="0" type="stmt"/>
        <line num="41" count="0" type="stmt"/>
        <line num="42" count="0" type="stmt"/>
        <line num="43" count="0" type="stmt"/>
        <line num="44" count="0" type="stmt"/>
        <line num="49" count="1" type="stmt"/>
        <line num="59" count="1" type="stmt"/>
        <line num="63" count="1" type="stmt"/>
        <line num="65" count="1" type="stmt"/>
        <line num="66" count="0" type="stmt"/>
        <line num="68" count="0" type="stmt"/>
        <line num="70" count="0" type="cond" truecount="0" falsecount="2"/>
        <line num="72" count="0" type="stmt"/>
        <line num="82" count="2" type="stmt"/>
        <line num="90" count="1" type="stmt"/>
        <line num="98" count="1" type="stmt"/>
        <line num="111" count="1" type="stmt"/>
        <line num="112" count="1" type="stmt"/>
        <line num="113" count="1" type="stmt"/>
        <line num="114" count="1" type="stmt"/>
        <line num="117" count="1" type="stmt"/>
        <line num="118" count="0" type="stmt"/>
        <line num="119" count="0" type="stmt"/>
      </file>
      <file name="configureStore.js" path="C:\SongLin\Learnings\React\Code with Mosh\redux-mywork\src\store\configureStore.js">
        <metrics statements="1" coveredstatements="1" conditionals="0" coveredconditionals="0" methods="1" coveredmethods="1"/>
        <line num="8" count="3" type="stmt"/>
      </file>
      <file name="entities.js" path="C:\SongLin\Learnings\React\Code with Mosh\redux-mywork\src\store\entities.js">
        <metrics statements="0" coveredstatements="0" conditionals="0" coveredconditionals="0" methods="0" coveredmethods="0"/>
      </file>
      <file name="projects.js" path="C:\SongLin\Learnings\React\Code with Mosh\redux-mywork\src\store\projects.js">
        <metrics statements="5" coveredstatements="4" conditionals="0" coveredconditionals="0" methods="1" coveredmethods="0"/>
        <line num="3" count="1" type="stmt"/>
        <line num="5" count="1" type="stmt"/>
        <line num="11" count="0" type="stmt"/>
        <line num="18" count="1" type="stmt"/>
        <line num="20" count="1" type="stmt"/>
      </file>
      <file name="reducer.js" path="C:\SongLin\Learnings\React\Code with Mosh\redux-mywork\src\store\reducer.js">
        <metrics statements="0" coveredstatements="0" conditionals="0" coveredconditionals="0" methods="0" coveredmethods="0"/>
      </file>
      <file name="users.js" path="C:\SongLin\Learnings\React\Code with Mosh\redux-mywork\src\store\users.js">
        <metrics statements="5" coveredstatements="4" conditionals="0" coveredconditionals="0" methods="1" coveredmethods="0"/>
        <line num="3" count="1" type="stmt"/>
        <line num="5" count="1" type="stmt"/>
        <line num="11" count="0" type="stmt"/>
        <line num="18" count="1" type="stmt"/>
        <line num="20" count="1" type="stmt"/>
      </file>
    </package>
    <package name="store.middleware">
      <metrics statements="18" coveredstatements="18" conditionals="10" coveredconditionals="6" methods="10" coveredmethods="10"/>
      <file name="api.js" path="C:\SongLin\Learnings\React\Code with Mosh\redux-mywork\src\store\middleware\api.js">
        <metrics statements="12" coveredstatements="12" conditionals="8" coveredconditionals="5" methods="3" coveredmethods="3"/>
        <line num="4" count="3" type="stmt"/>
        <line num="5" count="6" type="cond" truecount="2" falsecount="0"/>
        <line num="7" count="2" type="stmt"/>
        <line num="9" count="2" type="cond" truecount="1" falsecount="1"/>
        <line num="10" count="2" type="stmt"/>
        <line num="12" count="2" type="stmt"/>
        <line num="13" count="2" type="stmt"/>
        <line num="14" count="2" type="stmt"/>
        <line num="21" count="1" type="stmt"/>
        <line num="23" count="1" type="cond" truecount="1" falsecount="1"/>
        <line num="26" count="1" type="stmt"/>
        <line num="28" count="1" type="cond" truecount="1" falsecount="1"/>
      </file>
      <file name="logger.js" path="C:\SongLin\Learnings\React\Code with Mosh\redux-mywork\src\store\middleware\logger.js">
        <metrics statements="3" coveredstatements="3" conditionals="0" coveredconditionals="0" methods="4" coveredmethods="4"/>
        <line num="1" count="3" type="stmt"/>
        <line num="2" count="6" type="stmt"/>
        <line num="3" count="6" type="stmt"/>
      </file>
      <file name="toast.js" path="C:\SongLin\Learnings\React\Code with Mosh\redux-mywork\src\store\middleware\toast.js">
        <metrics statements="3" coveredstatements="3" conditionals="2" coveredconditionals="1" methods="3" coveredmethods="3"/>
        <line num="1" count="3" type="stmt"/>
        <line num="2" count="6" type="cond" truecount="1" falsecount="1"/>
        <line num="3" count="6" type="stmt"/>
      </file>
    </package>
  </project>
</coverage>
