{"C:\\SongLin\\Learnings\\React\\Code with Mosh\\redux-mywork\\src\\store\\api.js": {"path":"C:\\SongLin\\Learnings\\React\\Code with Mosh\\redux-mywork\\src\\store\\api.js","statementMap":{"0":{"start":{"line":3,"column":28},"end":{"line":3,"column":57}},"1":{"start":{"line":4,"column":30},"end":{"line":4,"column":61}},"2":{"start":{"line":5,"column":29},"end":{"line":5,"column":59}}},"fnMap":{},"branchMap":{},"s":{"0":1,"1":1,"2":1},"f":{},"b":{},"_coverageSchema":"1a1c01bbd47fc00a2c39e90264f33305004495a9","hash":"14304f118dcd253d92372fb0e5ce45a46b1bff2e"}
,"C:\\SongLin\\Learnings\\React\\Code with Mosh\\redux-mywork\\src\\store\\bugs.js": {"path":"C:\\SongLin\\Learnings\\React\\Code with Mosh\\redux-mywork\\src\\store\\bugs.js","statementMap":{"0":{"start":{"line":6,"column":14},"end":{"line":48,"column":2}},"1":{"start":{"line":16,"column":12},"end":{"line":16,"column":32}},"2":{"start":{"line":20,"column":12},"end":{"line":20,"column":32}},"3":{"start":{"line":24,"column":12},"end":{"line":24,"column":38}},"4":{"start":{"line":25,"column":12},"end":{"line":25,"column":32}},"5":{"start":{"line":26,"column":12},"end":{"line":26,"column":39}},"6":{"start":{"line":30,"column":12},"end":{"line":30,"column":42}},"7":{"start":{"line":35,"column":26},"end":{"line":35,"column":82}},"8":{"start":{"line":35,"column":53},"end":{"line":35,"column":81}},"9":{"start":{"line":36,"column":12},"end":{"line":36,"column":44}},"10":{"start":{"line":40,"column":12},"end":{"line":40,"column":39}},"11":{"start":{"line":41,"column":42},"end":{"line":41,"column":56}},"12":{"start":{"line":42,"column":26},"end":{"line":42,"column":70}},"13":{"start":{"line":42,"column":53},"end":{"line":42,"column":69}},"14":{"start":{"line":43,"column":12},"end":{"line":43,"column":30}},"15":{"start":{"line":44,"column":12},"end":{"line":44,"column":49}},"16":{"start":{"line":49,"column":0},"end":{"line":49,"column":18}},"17":{"start":{"line":59,"column":4},"end":{"line":59,"column":17}},"18":{"start":{"line":63,"column":12},"end":{"line":63,"column":19}},"19":{"start":{"line":65,"column":24},"end":{"line":80,"column":1}},"20":{"start":{"line":65,"column":30},"end":{"line":80,"column":1}},"21":{"start":{"line":66,"column":26},"end":{"line":66,"column":50}},"22":{"start":{"line":68,"column":26},"end":{"line":68,"column":69}},"23":{"start":{"line":70,"column":4},"end":{"line":70,"column":34}},"24":{"start":{"line":70,"column":28},"end":{"line":70,"column":34}},"25":{"start":{"line":72,"column":4},"end":{"line":79,"column":5}},"26":{"start":{"line":82,"column":22},"end":{"line":88,"column":2}},"27":{"start":{"line":82,"column":29},"end":{"line":88,"column":2}},"28":{"start":{"line":90,"column":26},"end":{"line":96,"column":2}},"29":{"start":{"line":90,"column":35},"end":{"line":96,"column":2}},"30":{"start":{"line":98,"column":31},"end":{"line":104,"column":2}},"31":{"start":{"line":98,"column":50},"end":{"line":104,"column":2}},"32":{"start":{"line":111,"column":33},"end":{"line":115,"column":1}},"33":{"start":{"line":112,"column":13},"end":{"line":112,"column":32}},"34":{"start":{"line":113,"column":13},"end":{"line":113,"column":36}},"35":{"start":{"line":114,"column":24},"end":{"line":114,"column":57}},"36":{"start":{"line":114,"column":43},"end":{"line":114,"column":56}},"37":{"start":{"line":117,"column":29},"end":{"line":120,"column":1}},"38":{"start":{"line":117,"column":41},"end":{"line":120,"column":1}},"39":{"start":{"line":118,"column":13},"end":{"line":118,"column":32}},"40":{"start":{"line":119,"column":12},"end":{"line":119,"column":53}},"41":{"start":{"line":119,"column":31},"end":{"line":119,"column":52}}},"fnMap":{"0":{"name":"(anonymous_0)","decl":{"start":{"line":15,"column":23},"end":{"line":15,"column":24}},"loc":{"start":{"line":15,"column":41},"end":{"line":17,"column":9}},"line":15},"1":{"name":"(anonymous_1)","decl":{"start":{"line":19,"column":27},"end":{"line":19,"column":28}},"loc":{"start":{"line":19,"column":45},"end":{"line":21,"column":9}},"line":19},"2":{"name":"(anonymous_2)","decl":{"start":{"line":23,"column":22},"end":{"line":23,"column":23}},"loc":{"start":{"line":23,"column":40},"end":{"line":27,"column":9}},"line":23},"3":{"name":"(anonymous_3)","decl":{"start":{"line":29,"column":18},"end":{"line":29,"column":19}},"loc":{"start":{"line":29,"column":36},"end":{"line":31,"column":9}},"line":29},"4":{"name":"(anonymous_4)","decl":{"start":{"line":34,"column":21},"end":{"line":34,"column":22}},"loc":{"start":{"line":34,"column":39},"end":{"line":37,"column":9}},"line":34},"5":{"name":"(anonymous_5)","decl":{"start":{"line":35,"column":46},"end":{"line":35,"column":47}},"loc":{"start":{"line":35,"column":53},"end":{"line":35,"column":81}},"line":35},"6":{"name":"(anonymous_6)","decl":{"start":{"line":39,"column":27},"end":{"line":39,"column":28}},"loc":{"start":{"line":39,"column":45},"end":{"line":45,"column":9}},"line":39},"7":{"name":"(anonymous_7)","decl":{"start":{"line":42,"column":46},"end":{"line":42,"column":47}},"loc":{"start":{"line":42,"column":53},"end":{"line":42,"column":69}},"line":42},"8":{"name":"(anonymous_8)","decl":{"start":{"line":65,"column":24},"end":{"line":65,"column":25}},"loc":{"start":{"line":65,"column":30},"end":{"line":80,"column":1}},"line":65},"9":{"name":"(anonymous_9)","decl":{"start":{"line":65,"column":30},"end":{"line":65,"column":31}},"loc":{"start":{"line":65,"column":55},"end":{"line":80,"column":1}},"line":65},"10":{"name":"(anonymous_10)","decl":{"start":{"line":82,"column":22},"end":{"line":82,"column":23}},"loc":{"start":{"line":82,"column":29},"end":{"line":88,"column":2}},"line":82},"11":{"name":"(anonymous_11)","decl":{"start":{"line":90,"column":26},"end":{"line":90,"column":27}},"loc":{"start":{"line":90,"column":35},"end":{"line":96,"column":2}},"line":90},"12":{"name":"(anonymous_12)","decl":{"start":{"line":98,"column":31},"end":{"line":98,"column":32}},"loc":{"start":{"line":98,"column":50},"end":{"line":104,"column":2}},"line":98},"13":{"name":"(anonymous_13)","decl":{"start":{"line":112,"column":4},"end":{"line":112,"column":5}},"loc":{"start":{"line":112,"column":13},"end":{"line":112,"column":32}},"line":112},"14":{"name":"(anonymous_14)","decl":{"start":{"line":113,"column":4},"end":{"line":113,"column":5}},"loc":{"start":{"line":113,"column":13},"end":{"line":113,"column":36}},"line":113},"15":{"name":"(anonymous_15)","decl":{"start":{"line":114,"column":4},"end":{"line":114,"column":5}},"loc":{"start":{"line":114,"column":24},"end":{"line":114,"column":57}},"line":114},"16":{"name":"(anonymous_16)","decl":{"start":{"line":114,"column":36},"end":{"line":114,"column":37}},"loc":{"start":{"line":114,"column":43},"end":{"line":114,"column":56}},"line":114},"17":{"name":"(anonymous_17)","decl":{"start":{"line":117,"column":29},"end":{"line":117,"column":30}},"loc":{"start":{"line":117,"column":41},"end":{"line":120,"column":1}},"line":117},"18":{"name":"(anonymous_18)","decl":{"start":{"line":118,"column":4},"end":{"line":118,"column":5}},"loc":{"start":{"line":118,"column":13},"end":{"line":118,"column":32}},"line":118},"19":{"name":"(anonymous_19)","decl":{"start":{"line":119,"column":4},"end":{"line":119,"column":5}},"loc":{"start":{"line":119,"column":12},"end":{"line":119,"column":53}},"line":119},"20":{"name":"(anonymous_20)","decl":{"start":{"line":119,"column":24},"end":{"line":119,"column":25}},"loc":{"start":{"line":119,"column":31},"end":{"line":119,"column":52}},"line":119}},"branchMap":{"0":{"loc":{"start":{"line":70,"column":4},"end":{"line":70,"column":34}},"type":"if","locations":[{"start":{"line":70,"column":4},"end":{"line":70,"column":34}},{"start":{"line":70,"column":4},"end":{"line":70,"column":34}}],"line":70}},"s":{"0":1,"1":0,"2":1,"3":0,"4":0,"5":0,"6":1,"7":0,"8":0,"9":0,"10":0,"11":0,"12":0,"13":0,"14":0,"15":0,"16":1,"17":1,"18":1,"19":1,"20":0,"21":0,"22":0,"23":0,"24":0,"25":0,"26":1,"27":2,"28":1,"29":0,"30":1,"31":0,"32":1,"33":1,"34":1,"35":1,"36":0,"37":1,"38":0,"39":0,"40":0,"41":0},"f":{"0":0,"1":1,"2":0,"3":1,"4":0,"5":0,"6":0,"7":0,"8":0,"9":0,"10":2,"11":0,"12":0,"13":1,"14":1,"15":1,"16":0,"17":0,"18":0,"19":0,"20":0},"b":{"0":[0,0]},"_coverageSchema":"1a1c01bbd47fc00a2c39e90264f33305004495a9","hash":"a4cf5ea00e940e8121741b270978022ebb0a3dfd"}
,"C:\\SongLin\\Learnings\\React\\Code with Mosh\\redux-mywork\\src\\store\\configureStore.js": {"path":"C:\\SongLin\\Learnings\\React\\Code with Mosh\\redux-mywork\\src\\store\\configureStore.js","statementMap":{"0":{"start":{"line":8,"column":4},"end":{"line":16,"column":6}}},"fnMap":{"0":{"name":"(anonymous_0)","decl":{"start":{"line":7,"column":15},"end":{"line":7,"column":16}},"loc":{"start":{"line":7,"column":26},"end":{"line":17,"column":1}},"line":7}},"branchMap":{},"s":{"0":3},"f":{"0":3},"b":{},"_coverageSchema":"1a1c01bbd47fc00a2c39e90264f33305004495a9","hash":"a8bf25dae9089e832d654629a08e6184693d8f24"}
,"C:\\SongLin\\Learnings\\React\\Code with Mosh\\redux-mywork\\src\\store\\entities.js": {"path":"C:\\SongLin\\Learnings\\React\\Code with Mosh\\redux-mywork\\src\\store\\entities.js","statementMap":{},"fnMap":{},"branchMap":{},"s":{},"f":{},"b":{},"_coverageSchema":"1a1c01bbd47fc00a2c39e90264f33305004495a9","hash":"e39c1d696465f55193068ee77378f6ce429283bc"}
,"C:\\SongLin\\Learnings\\React\\Code with Mosh\\redux-mywork\\src\\store\\projects.js": {"path":"C:\\SongLin\\Learnings\\React\\Code with Mosh\\redux-mywork\\src\\store\\projects.js","statementMap":{"0":{"start":{"line":3,"column":13},"end":{"line":3,"column":14}},"1":{"start":{"line":5,"column":14},"end":{"line":17,"column":2}},"2":{"start":{"line":11,"column":12},"end":{"line":14,"column":14}},"3":{"start":{"line":18,"column":0},"end":{"line":18,"column":18}},"4":{"start":{"line":20,"column":32},"end":{"line":20,"column":45}}},"fnMap":{"0":{"name":"(anonymous_0)","decl":{"start":{"line":10,"column":22},"end":{"line":10,"column":23}},"loc":{"start":{"line":10,"column":44},"end":{"line":15,"column":9}},"line":10}},"branchMap":{},"s":{"0":1,"1":1,"2":0,"3":1,"4":1},"f":{"0":0},"b":{},"_coverageSchema":"1a1c01bbd47fc00a2c39e90264f33305004495a9","hash":"5f59780006c3a39603bab52881791f4f99de3f4d"}
,"C:\\SongLin\\Learnings\\React\\Code with Mosh\\redux-mywork\\src\\store\\reducer.js": {"path":"C:\\SongLin\\Learnings\\React\\Code with Mosh\\redux-mywork\\src\\store\\reducer.js","statementMap":{},"fnMap":{},"branchMap":{},"s":{},"f":{},"b":{},"_coverageSchema":"1a1c01bbd47fc00a2c39e90264f33305004495a9","hash":"4834214fbae9cd6d4255b1af13151fb1326a7663"}
,"C:\\SongLin\\Learnings\\React\\Code with Mosh\\redux-mywork\\src\\store\\users.js": {"path":"C:\\SongLin\\Learnings\\React\\Code with Mosh\\redux-mywork\\src\\store\\users.js","statementMap":{"0":{"start":{"line":3,"column":13},"end":{"line":3,"column":14}},"1":{"start":{"line":5,"column":14},"end":{"line":17,"column":2}},"2":{"start":{"line":11,"column":12},"end":{"line":14,"column":14}},"3":{"start":{"line":18,"column":0},"end":{"line":18,"column":18}},"4":{"start":{"line":20,"column":29},"end":{"line":20,"column":42}}},"fnMap":{"0":{"name":"(anonymous_0)","decl":{"start":{"line":10,"column":19},"end":{"line":10,"column":20}},"loc":{"start":{"line":10,"column":38},"end":{"line":15,"column":9}},"line":10}},"branchMap":{},"s":{"0":1,"1":1,"2":0,"3":1,"4":1},"f":{"0":0},"b":{},"_coverageSchema":"1a1c01bbd47fc00a2c39e90264f33305004495a9","hash":"38395b0982ef6ca7e41f77712f1c9b7af0679487"}
,"C:\\SongLin\\Learnings\\React\\Code with Mosh\\redux-mywork\\src\\store\\middleware\\api.js": {"path":"C:\\SongLin\\Learnings\\React\\Code with Mosh\\redux-mywork\\src\\store\\middleware\\api.js","statementMap":{"0":{"start":{"line":4,"column":12},"end":{"line":30,"column":1}},"1":{"start":{"line":4,"column":30},"end":{"line":30,"column":1}},"2":{"start":{"line":4,"column":38},"end":{"line":30,"column":1}},"3":{"start":{"line":5,"column":4},"end":{"line":5,"column":71}},"4":{"start":{"line":5,"column":51},"end":{"line":5,"column":71}},"5":{"start":{"line":7,"column":62},"end":{"line":7,"column":76}},"6":{"start":{"line":9,"column":4},"end":{"line":9,"column":45}},"7":{"start":{"line":9,"column":17},"end":{"line":9,"column":45}},"8":{"start":{"line":10,"column":4},"end":{"line":10,"column":16}},"9":{"start":{"line":12,"column":4},"end":{"line":29,"column":5}},"10":{"start":{"line":13,"column":8},"end":{"line":13,"column":29}},"11":{"start":{"line":14,"column":25},"end":{"line":19,"column":10}},"12":{"start":{"line":21,"column":8},"end":{"line":21,"column":55}},"13":{"start":{"line":23,"column":8},"end":{"line":23,"column":76}},"14":{"start":{"line":23,"column":23},"end":{"line":23,"column":76}},"15":{"start":{"line":26,"column":8},"end":{"line":26,"column":54}},"16":{"start":{"line":28,"column":8},"end":{"line":28,"column":71}},"17":{"start":{"line":28,"column":21},"end":{"line":28,"column":71}}},"fnMap":{"0":{"name":"(anonymous_0)","decl":{"start":{"line":4,"column":12},"end":{"line":4,"column":13}},"loc":{"start":{"line":4,"column":30},"end":{"line":30,"column":1}},"line":4},"1":{"name":"(anonymous_1)","decl":{"start":{"line":4,"column":30},"end":{"line":4,"column":31}},"loc":{"start":{"line":4,"column":38},"end":{"line":30,"column":1}},"line":4},"2":{"name":"(anonymous_2)","decl":{"start":{"line":4,"column":38},"end":{"line":4,"column":39}},"loc":{"start":{"line":4,"column":54},"end":{"line":30,"column":1}},"line":4}},"branchMap":{"0":{"loc":{"start":{"line":5,"column":4},"end":{"line":5,"column":71}},"type":"if","locations":[{"start":{"line":5,"column":4},"end":{"line":5,"column":71}},{"start":{"line":5,"column":4},"end":{"line":5,"column":71}}],"line":5},"1":{"loc":{"start":{"line":9,"column":4},"end":{"line":9,"column":45}},"type":"if","locations":[{"start":{"line":9,"column":4},"end":{"line":9,"column":45}},{"start":{"line":9,"column":4},"end":{"line":9,"column":45}}],"line":9},"2":{"loc":{"start":{"line":23,"column":8},"end":{"line":23,"column":76}},"type":"if","locations":[{"start":{"line":23,"column":8},"end":{"line":23,"column":76}},{"start":{"line":23,"column":8},"end":{"line":23,"column":76}}],"line":23},"3":{"loc":{"start":{"line":28,"column":8},"end":{"line":28,"column":71}},"type":"if","locations":[{"start":{"line":28,"column":8},"end":{"line":28,"column":71}},{"start":{"line":28,"column":8},"end":{"line":28,"column":71}}],"line":28}},"s":{"0":1,"1":3,"2":3,"3":6,"4":4,"5":2,"6":2,"7":0,"8":2,"9":2,"10":2,"11":2,"12":1,"13":1,"14":1,"15":1,"16":1,"17":1},"f":{"0":3,"1":3,"2":6},"b":{"0":[4,2],"1":[0,2],"2":[1,0],"3":[1,0]},"_coverageSchema":"1a1c01bbd47fc00a2c39e90264f33305004495a9","hash":"75c6e90eb1947078b03c19a83781d3db312cf08f"}
,"C:\\SongLin\\Learnings\\React\\Code with Mosh\\redux-mywork\\src\\store\\middleware\\logger.js": {"path":"C:\\SongLin\\Learnings\\React\\Code with Mosh\\redux-mywork\\src\\store\\middleware\\logger.js","statementMap":{"0":{"start":{"line":1,"column":15},"end":{"line":4,"column":1}},"1":{"start":{"line":1,"column":24},"end":{"line":4,"column":1}},"2":{"start":{"line":1,"column":33},"end":{"line":4,"column":1}},"3":{"start":{"line":1,"column":41},"end":{"line":4,"column":1}},"4":{"start":{"line":2,"column":4},"end":{"line":2,"column":34}},"5":{"start":{"line":3,"column":4},"end":{"line":3,"column":23}}},"fnMap":{"0":{"name":"(anonymous_0)","decl":{"start":{"line":1,"column":15},"end":{"line":1,"column":16}},"loc":{"start":{"line":1,"column":24},"end":{"line":4,"column":1}},"line":1},"1":{"name":"(anonymous_1)","decl":{"start":{"line":1,"column":24},"end":{"line":1,"column":25}},"loc":{"start":{"line":1,"column":33},"end":{"line":4,"column":1}},"line":1},"2":{"name":"(anonymous_2)","decl":{"start":{"line":1,"column":33},"end":{"line":1,"column":34}},"loc":{"start":{"line":1,"column":41},"end":{"line":4,"column":1}},"line":1},"3":{"name":"(anonymous_3)","decl":{"start":{"line":1,"column":41},"end":{"line":1,"column":42}},"loc":{"start":{"line":1,"column":51},"end":{"line":4,"column":1}},"line":1}},"branchMap":{},"s":{"0":1,"1":3,"2":3,"3":3,"4":6,"5":6},"f":{"0":3,"1":3,"2":3,"3":6},"b":{},"_coverageSchema":"1a1c01bbd47fc00a2c39e90264f33305004495a9","hash":"87577ed3a17d656076db0eade95c4c6482e4f92c"}
,"C:\\SongLin\\Learnings\\React\\Code with Mosh\\redux-mywork\\src\\store\\middleware\\toast.js": {"path":"C:\\SongLin\\Learnings\\React\\Code with Mosh\\redux-mywork\\src\\store\\middleware\\toast.js","statementMap":{"0":{"start":{"line":1,"column":14},"end":{"line":4,"column":1}},"1":{"start":{"line":1,"column":23},"end":{"line":4,"column":1}},"2":{"start":{"line":1,"column":31},"end":{"line":4,"column":1}},"3":{"start":{"line":2,"column":4},"end":{"line":3,"column":28}},"4":{"start":{"line":2,"column":33},"end":{"line":2,"column":83}},"5":{"start":{"line":3,"column":9},"end":{"line":3,"column":28}}},"fnMap":{"0":{"name":"(anonymous_0)","decl":{"start":{"line":1,"column":14},"end":{"line":1,"column":15}},"loc":{"start":{"line":1,"column":23},"end":{"line":4,"column":1}},"line":1},"1":{"name":"(anonymous_1)","decl":{"start":{"line":1,"column":23},"end":{"line":1,"column":24}},"loc":{"start":{"line":1,"column":31},"end":{"line":4,"column":1}},"line":1},"2":{"name":"(anonymous_2)","decl":{"start":{"line":1,"column":31},"end":{"line":1,"column":32}},"loc":{"start":{"line":1,"column":41},"end":{"line":4,"column":1}},"line":1}},"branchMap":{"0":{"loc":{"start":{"line":2,"column":4},"end":{"line":3,"column":28}},"type":"if","locations":[{"start":{"line":2,"column":4},"end":{"line":3,"column":28}},{"start":{"line":2,"column":4},"end":{"line":3,"column":28}}],"line":2}},"s":{"0":1,"1":3,"2":3,"3":6,"4":0,"5":6},"f":{"0":3,"1":3,"2":6},"b":{"0":[0,6]},"_coverageSchema":"1a1c01bbd47fc00a2c39e90264f33305004495a9","hash":"8419ec11ee5b4812de91d43ccd5e4e2f58f8a69a"}
}
